::1 - - [17/Apr/2023:09:26:40 +0000] "GET / HTTP/1.1" 200 170
::1 - - [17/Apr/2023:09:26:40 +0000] "GET /stylesheets/style.css HTTP/1.1" 200 111
::1 - - [17/Apr/2023:09:26:40 +0000] "GET /favicon.ico HTTP/1.1" 404 1292
::1 - - [17/Apr/2023:12:37:23 +0000] "GET / HTTP/1.1" 404 1698
::1 - - [17/Apr/2023:12:38:01 +0000] "GET / HTTP/1.1" 404 1499
::1 - - [17/Apr/2023:12:39:41 +0000] "GET / HTTP/1.1" 200 197
::1 - - [17/Apr/2023:12:39:41 +0000] "GET /stylesheets/style.css HTTP/1.1" 200 111
::1 - - [17/Apr/2023:12:41:02 +0000] "GET / HTTP/1.1" 304 -
::1 - - [17/Apr/2023:12:41:02 +0000] "GET /stylesheets/style.css HTTP/1.1" 304 -
::1 - - [17/Apr/2023:12:41:04 +0000] "GET / HTTP/1.1" 304 -
::1 - - [17/Apr/2023:12:41:04 +0000] "GET /stylesheets/style.css HTTP/1.1" 304 -
::1 - - [17/Apr/2023:12:41:04 +0000] "GET / HTTP/1.1" 304 -
::1 - - [17/Apr/2023:12:41:04 +0000] "GET /stylesheets/style.css HTTP/1.1" 304 -
::1 - - [17/Apr/2023:12:41:05 +0000] "GET / HTTP/1.1" 304 -
::1 - - [17/Apr/2023:12:41:05 +0000] "GET /stylesheets/style.css HTTP/1.1" 304 -
::1 - - [17/Apr/2023:12:41:05 +0000] "GET / HTTP/1.1" 304 -
::1 - - [17/Apr/2023:12:41:05 +0000] "GET /stylesheets/style.css HTTP/1.1" 304 -
::1 - - [17/Apr/2023:12:41:05 +0000] "GET / HTTP/1.1" 304 -
::1 - - [17/Apr/2023:12:41:05 +0000] "GET /stylesheets/style.css HTTP/1.1" 304 -
::1 - - [17/Apr/2023:12:41:05 +0000] "GET / HTTP/1.1" 304 -
::1 - - [17/Apr/2023:12:41:05 +0000] "GET /stylesheets/style.css HTTP/1.1" 304 -
::1 - - [17/Apr/2023:12:41:06 +0000] "GET / HTTP/1.1" 304 -
::1 - - [17/Apr/2023:12:41:06 +0000] "GET /stylesheets/style.css HTTP/1.1" 304 -
::1 - - [17/Apr/2023:12:41:06 +0000] "GET / HTTP/1.1" 304 -
::1 - - [17/Apr/2023:12:41:06 +0000] "GET /stylesheets/style.css HTTP/1.1" 304 -
::1 - - [21/Apr/2023:06:37:36 +0000] "GET /uploadPK HTTP/1.1" 200 73
::1 - - [21/Apr/2023:06:38:27 +0000] "GET /uploadPK HTTP/1.1" 200 178
::1 - - [21/Apr/2023:06:39:43 +0000] "GET /uploadPK HTTP/1.1" 200 73
::1 - - [21/Apr/2023:06:40:03 +0000] "GET /uploadPK HTTP/1.1" 200 178
::1 - - [21/Apr/2023:06:42:03 +0000] "GET /uploadPK HTTP/1.1" 200 178
::1 - - [21/Apr/2023:06:42:18 +0000] "GET /uploadPK HTTP/1.1" 200 178
::1 - - [21/Apr/2023:06:44:05 +0000] "GET /uploadPK HTTP/1.1" 200 178
::1 - - [21/Apr/2023:06:44:47 +0000] "GET /uploadPK HTTP/1.1" 200 178
::1 - - [21/Apr/2023:06:45:06 +0000] "GET /uploadPK HTTP/1.1" 200 178
::1 - - [21/Apr/2023:06:45:07 +0000] "GET /uploadPK HTTP/1.1" 200 178
::1 - - [21/Apr/2023:06:45:08 +0000] "GET /uploadPK HTTP/1.1" 200 178
::1 - - [21/Apr/2023:07:05:36 +0000] "GET /uploadPK HTTP/1.1" 200 2
::1 - - [21/Apr/2023:07:07:00 +0000] "GET /uploadPK HTTP/1.1" 200 73
::1 - - [21/Apr/2023:07:13:33 +0000] "GET /uploadPK HTTP/1.1" 200 2060
::1 - - [21/Apr/2023:08:07:25 +0000] "GET /uploadPK HTTP/1.1" 304 -
::1 - - [21/Apr/2023:08:08:05 +0000] "GET /uploadPK HTTP/1.1" 200 2057
::1 - - [21/Apr/2023:08:08:06 +0000] "GET /uploadPK HTTP/1.1" 304 -
::1 - - [21/Apr/2023:08:08:21 +0000] "GET /uploadPK HTTP/1.1" 200 1648
::1 - - [21/Apr/2023:08:08:26 +0000] "GET /uploadPK HTTP/1.1" 304 -
::1 - - [21/Apr/2023:08:08:38 +0000] "GET /uploadPK HTTP/1.1" 200 1592
